     TRAXMAKER ROUTING LOG
     LOG FILENAME : C:\Users\shuh\Desktop\SD_PCB\SD_PCB.LOG
     DATE         : 11-16-2016
     TIME         : 15:36

     INPUT  .PCB FILE : C:\Users\shuh\Desktop\SD_PCB\SD_PCB.PCB

     ROUTE VARIABLE SETTINGS
     Grid Size        : 25
     Track Size       : 20
     Via Size         : 62
     Arc Radius       : 100
     Track to Track   : 20
     Track to Via/Pad : 13
     Via to Via       : 13
     Via/Pad to Pad   : 13
     Wave Limit       : 7

     ROUTING PERFORMANCE 
     Pass                    Connections     Percentage     Tracks     Vias      Time in
     Title                   Routed          Completed      Added      Added     Pass 
     Process Pre-Routes         0                0.0           0          0      00:00:00
     Smd to Pwr/Gnd            --                0.0           0          0      00:00:00
     Memory Routes              6               10.9           6          0      00:00:00
     Line Probe Routes         36               65.5         195         64      00:00:00
     Maze Routes  Pass 1        9               16.4         117         26      00:00:01
     Maze Routes  Pass 2        0                0.0          37          4      00:00:00
     Maze Routes  Pass 3        3                5.5          45         10      00:00:00
     Maze Routes  Pass 4        0                0.0           0          0      00:00:00
     Maze Routes  Pass 5        0                0.0           0          0      00:00:01
     Advanced Smoothing         0                0.0        -147        -74      00:00:00
     Advanced Smoothing         1                1.8         -78        -16      00:00:01
     Advanced Smoothing         0                0.0          -6        -12      00:00:00
     Advanced Smoothing         0                0.0           2          0      00:00:00
     Advanced Smoothing         0                0.0           0          0      00:00:00
                  Totals :     55  of  55      100.0         171          2      00:00:03


     BASIC SMOOTHING PERFORMANCE 
     Pass                    Tracks                         Tracks     Vias      Time in
     Title                   Swapped                        Removed    Removed   Pass 
     Via Minimization           0                              0          0      00:00:00
     Double Back Remover        0                              0          0      00:00:03
     Dual Stub Remover          0                              0          0      00:00:03
     Two Via Remover            0                              0          0      00:00:00
                  Totals :      0                              0          0      00:00:06


     UNROUTED CONNECTIONS
     No UnRouted Connections
