     TRAXMAKER ROUTING LOG
     LOG FILENAME : C:\Users\shuh\Desktop\SD_PCB\SD_PCB_2-vic.LOG
     DATE         : 11-16-2016
     TIME         : 16:08

     INPUT  .PCB FILE : C:\Users\shuh\Desktop\SD_PCB\SD_PCB_2-vic.PCB

     ROUTE VARIABLE SETTINGS
     Grid Size        : 40
     Track Size       : 20
     Via Size         : 62
     Arc Radius       : 100
     Track to Track   : 20
     Track to Via/Pad : 13
     Via to Via       : 13
     Via/Pad to Pad   : 13
     Wave Limit       : 7

     ROUTING PERFORMANCE 
     Pass                    Connections     Percentage     Tracks     Vias      Time in
     Title                   Routed          Completed      Added      Added     Pass 
     Process Pre-Routes         3                5.5           0          0      00:00:00
     Smd to Pwr/Gnd                                                              Not Used
     Memory Routes                                                               Not Used
     Line Probe Routes                                                           Not Used
     Maze Routes  Pass 1       43               78.2         189         18      00:00:00
     Maze Routes  Pass 2        8               14.5          57         12      00:00:00
     Maze Routes  Pass 3        0                0.0           0          0      00:00:00
     Maze Routes  Pass 4        0                0.0           0          0      00:00:00
     Maze Routes  Pass 5        0                0.0           0          0      00:00:00
     Advanced Smoothing                                                          Not Used
                  Totals :     54  of  55       98.2         246         30      00:00:00


     BASIC SMOOTHING PERFORMANCE 
     Pass                    Tracks                         Tracks     Vias      Time in
     Title                   Swapped                        Removed    Removed   Pass 
     Via Minimization           1                              0          1      00:00:03
     Double Back Remover        0                              0          0      00:00:02
     Dual Stub Remover          0                              0          0      00:00:03
     Two Via Remover            1                              0          1      00:00:00
                  Totals :      2                              1          2      00:00:08


     UNROUTED CONNECTIONS
     No UnRouted Connections
