     TRAXMAKER ROUTING LOG
     LOG FILENAME : Untitled.LOG
     DATE         : 11-16-2016
     TIME         : 16:52

     INPUT  .PCB FILE : Untitled.PCB

     ROUTE VARIABLE SETTINGS
     Grid Size        : 40
     Track Size       : 20
     Via Size         : 62
     Arc Radius       : 100
     Track to Track   : 20
     Track to Via/Pad : 13
     Via to Via       : 13
     Via/Pad to Pad   : 13
     Wave Limit       : 7

     ROUTING PERFORMANCE 
     Pass                    Connections     Percentage     Tracks     Vias      Time in
     Title                   Routed          Completed      Added      Added     Pass 
     Process Pre-Routes         0                0.0           0          0      00:00:00
     Smd to Pwr/Gnd                                                              Not Used
     Memory Routes                                                               Not Used
     Line Probe Routes                                                           Not Used
     Maze Routes  Pass 1       59              100.0         267         48      00:00:00
     Maze Routes  Pass 2        0                0.0           0          0      00:00:00
     Maze Routes  Pass 3        0                0.0           0          0      00:00:00
     Maze Routes  Pass 4        0                0.0           0          0      00:00:00
     Maze Routes  Pass 5        0                0.0           0          0      00:00:00
     Advanced Smoothing                                                          Not Used
                  Totals :     59  of  59      100.0         267         48      00:00:00


     BASIC SMOOTHING PERFORMANCE 
     Pass                    Tracks                         Tracks     Vias      Time in
     Title                   Swapped                        Removed    Removed   Pass 
     Via Minimization          20                              0         13      00:00:01
     Double Back Remover        0                              0          0      00:00:00
     Dual Stub Remover          0                              0          0      00:00:01
     Two Via Remover            0                              0          0      00:00:00
                  Totals :     20                              0         13      00:00:02


     UNROUTED CONNECTIONS
     No UnRouted Connections
